<?xml version="1.0" encoding="UTF-8"?>
<testsuite name="org.trade.regulator.RegulatorApplicationTests" tests="1" skipped="0" failures="0" errors="0" timestamp="2023-02-04T19:25:48" hostname="jorge" time="0.323">
  <properties/>
  <testcase name="contextLoads()" classname="org.trade.regulator.RegulatorApplicationTests" time="0.323"/>
  <system-out><![CDATA[20:25:45.737 [Test worker] DEBUG org.springframework.test.context.BootstrapUtils - Instantiating CacheAwareContextLoaderDelegate from class [org.springframework.test.context.cache.DefaultCacheAwareContextLoaderDelegate]
20:25:45.761 [Test worker] DEBUG org.springframework.test.context.BootstrapUtils - Instantiating BootstrapContext using constructor [public org.springframework.test.context.support.DefaultBootstrapContext(java.lang.Class,org.springframework.test.context.CacheAwareContextLoaderDelegate)]
20:25:45.798 [Test worker] DEBUG org.springframework.test.context.BootstrapUtils - Instantiating TestContextBootstrapper for test class [org.trade.regulator.RegulatorApplicationTests] from class [org.springframework.boot.test.context.SpringBootTestContextBootstrapper]
20:25:45.813 [Test worker] INFO org.springframework.boot.test.context.SpringBootTestContextBootstrapper - Neither @ContextConfiguration nor @ContextHierarchy found for test class [org.trade.regulator.RegulatorApplicationTests], using SpringBootContextLoader
20:25:45.817 [Test worker] DEBUG org.springframework.test.context.support.AbstractContextLoader - Did not detect default resource location for test class [org.trade.regulator.RegulatorApplicationTests]: class path resource [org/trade/regulator/RegulatorApplicationTests-context.xml] does not exist
20:25:45.819 [Test worker] DEBUG org.springframework.test.context.support.AbstractContextLoader - Did not detect default resource location for test class [org.trade.regulator.RegulatorApplicationTests]: class path resource [org/trade/regulator/RegulatorApplicationTestsContext.groovy] does not exist
20:25:45.819 [Test worker] INFO org.springframework.test.context.support.AbstractContextLoader - Could not detect default resource locations for test class [org.trade.regulator.RegulatorApplicationTests]: no resource found for suffixes {-context.xml, Context.groovy}.
20:25:45.820 [Test worker] INFO org.springframework.test.context.support.AnnotationConfigContextLoaderUtils - Could not detect default configuration classes for test class [org.trade.regulator.RegulatorApplicationTests]: RegulatorApplicationTests does not declare any static, non-private, non-final, nested classes annotated with @Configuration.
20:25:45.868 [Test worker] DEBUG org.springframework.test.context.support.ActiveProfilesUtils - Could not find an 'annotation declaring class' for annotation type [org.springframework.test.context.ActiveProfiles] and class [org.trade.regulator.RegulatorApplicationTests]
20:25:45.943 [Test worker] DEBUG org.springframework.context.annotation.ClassPathScanningCandidateComponentProvider - Identified candidate component class: file [/home/jorge/go/src/vehicle-network/apps/OEMmanuf/back/build/classes/java/main/org/trade/regulator/RegulatorApplication.class]
20:25:45.964 [Test worker] INFO org.springframework.boot.test.context.SpringBootTestContextBootstrapper - Found @SpringBootConfiguration org.trade.regulator.RegulatorApplication for test class org.trade.regulator.RegulatorApplicationTests
20:25:46.047 [Test worker] DEBUG org.springframework.boot.test.context.SpringBootTestContextBootstrapper - @TestExecutionListeners is not present for class [org.trade.regulator.RegulatorApplicationTests]: using defaults.
20:25:46.048 [Test worker] INFO org.springframework.boot.test.context.SpringBootTestContextBootstrapper - Loaded default TestExecutionListener class names from location [META-INF/spring.factories]: [org.springframework.boot.test.autoconfigure.restdocs.RestDocsTestExecutionListener, org.springframework.boot.test.autoconfigure.web.client.MockRestServiceServerResetTestExecutionListener, org.springframework.boot.test.autoconfigure.web.servlet.MockMvcPrintOnlyOnFailureTestExecutionListener, org.springframework.boot.test.autoconfigure.web.servlet.WebDriverTestExecutionListener, org.springframework.boot.test.mock.mockito.MockitoTestExecutionListener, org.springframework.boot.test.mock.mockito.ResetMocksTestExecutionListener, org.springframework.test.context.web.ServletTestExecutionListener, org.springframework.test.context.support.DirtiesContextBeforeModesTestExecutionListener, org.springframework.test.context.support.DependencyInjectionTestExecutionListener, org.springframework.test.context.support.DirtiesContextTestExecutionListener, org.springframework.test.context.transaction.TransactionalTestExecutionListener, org.springframework.test.context.jdbc.SqlScriptsTestExecutionListener, org.springframework.test.context.event.EventPublishingTestExecutionListener]
20:25:46.058 [Test worker] DEBUG org.springframework.boot.test.context.SpringBootTestContextBootstrapper - Skipping candidate TestExecutionListener [org.springframework.test.context.transaction.TransactionalTestExecutionListener] due to a missing dependency. Specify custom listener classes or make the default listener classes and their required dependencies available. Offending class: [org/springframework/transaction/interceptor/TransactionAttributeSource]
20:25:46.059 [Test worker] DEBUG org.springframework.boot.test.context.SpringBootTestContextBootstrapper - Skipping candidate TestExecutionListener [org.springframework.test.context.jdbc.SqlScriptsTestExecutionListener] due to a missing dependency. Specify custom listener classes or make the default listener classes and their required dependencies available. Offending class: [org/springframework/transaction/interceptor/TransactionAttribute]
20:25:46.059 [Test worker] INFO org.springframework.boot.test.context.SpringBootTestContextBootstrapper - Using TestExecutionListeners: [org.springframework.test.context.web.ServletTestExecutionListener@3986e9f0, org.springframework.test.context.support.DirtiesContextBeforeModesTestExecutionListener@3edc558, org.springframework.boot.test.mock.mockito.MockitoTestExecutionListener@4b77d59d, org.springframework.boot.test.autoconfigure.SpringBootDependencyInjectionTestExecutionListener@5ff4f66e, org.springframework.test.context.support.DirtiesContextTestExecutionListener@51b34d09, org.springframework.test.context.event.EventPublishingTestExecutionListener@3c198562, org.springframework.boot.test.autoconfigure.restdocs.RestDocsTestExecutionListener@49b76441, org.springframework.boot.test.autoconfigure.web.client.MockRestServiceServerResetTestExecutionListener@3188ac9f, org.springframework.boot.test.autoconfigure.web.servlet.MockMvcPrintOnlyOnFailureTestExecutionListener@7a9874a2, org.springframework.boot.test.autoconfigure.web.servlet.WebDriverTestExecutionListener@a5acc06, org.springframework.boot.test.mock.mockito.ResetMocksTestExecutionListener@783d3460]
20:25:46.064 [Test worker] DEBUG org.springframework.test.context.support.AbstractDirtiesContextTestExecutionListener - Before test class: context [DefaultTestContext@67595a08 testClass = RegulatorApplicationTests, testInstance = [null], testMethod = [null], testException = [null], mergedContextConfiguration = [WebMergedContextConfiguration@594603fb testClass = RegulatorApplicationTests, locations = '{}', classes = '{class org.trade.regulator.RegulatorApplication}', contextInitializerClasses = '[]', activeProfiles = '{}', propertySourceLocations = '{}', propertySourceProperties = '{org.springframework.boot.test.context.SpringBootTestContextBootstrapper=true}', contextCustomizers = set[org.springframework.boot.test.autoconfigure.properties.PropertyMappingContextCustomizer@0, org.springframework.boot.test.autoconfigure.web.servlet.WebDriverContextCustomizerFactory$Customizer@16b942dd, org.springframework.boot.test.context.filter.ExcludeFilterContextCustomizer@37ccc22b, org.springframework.boot.test.json.DuplicateJsonObjectContextCustomizerFactory$DuplicateJsonObjectContextCustomizer@1d1b91e, org.springframework.boot.test.mock.mockito.MockitoContextCustomizer@0, org.springframework.boot.test.web.client.TestRestTemplateContextCustomizer@59b9daa8], resourceBasePath = 'src/main/webapp', contextLoader = 'org.springframework.boot.test.context.SpringBootContextLoader', parent = [null]], attributes = map['org.springframework.test.context.web.ServletTestExecutionListener.activateListener' -> true]], class annotated with @DirtiesContext [false] with mode [null].
20:25:46.093 [Test worker] DEBUG org.springframework.test.context.support.TestPropertySourceUtils - Adding inlined properties to environment: {spring.jmx.enabled=false, org.springframework.boot.test.context.SpringBootTestContextBootstrapper=true, server.port=-1}

  .   ____          _            __ _ _
 /\\ / ___'_ __ _ _(_)_ __  __ _ \ \ \ \
( ( )\___ | '_ | '_| | '_ \/ _` | \ \ \ \
 \\/  ___)| |_)| | | | | || (_| |  ) ) ) )
  '  |____| .__|_| |_|_| |_\__, | / / / /
 =========|_|==============|___/=/_/_/_/
 :: Spring Boot ::        (v2.2.6.RELEASE)

2023-02-04 20:25:46.471  WARN 13390 --- [    Test worker] ory$DuplicateJsonObjectContextCustomizer : 

Found multiple occurrences of org.json.JSONObject on the class path:

	jar:file:/home/jorge/.gradle/caches/modules-2/files-2.1/org.json/json/20180813/8566b2b0391d9d4479ea225645c6ed47ef17fe41/json-20180813.jar!/org/json/JSONObject.class
	jar:file:/home/jorge/.gradle/caches/modules-2/files-2.1/com.vaadin.external.google/android-json/0.0.20131108.vaadin1/fa26d351fe62a6a17f5cda1287c1c6110dec413f/android-json-0.0.20131108.vaadin1.jar!/org/json/JSONObject.class

You may wish to exclude one of them to ensure predictable runtime behavior

2023-02-04 20:25:46.489  INFO 13390 --- [    Test worker] o.t.regulator.RegulatorApplicationTests  : Starting RegulatorApplicationTests on jorge with PID 13390 (started by jorge in /home/jorge/go/src/vehicle-network/apps/OEMmanuf/back)
2023-02-04 20:25:46.490  INFO 13390 --- [    Test worker] o.t.regulator.RegulatorApplicationTests  : No active profile set, falling back to default profiles: default
2023-02-04 20:25:48.135  INFO 13390 --- [    Test worker] o.s.s.web.DefaultSecurityFilterChain     : Creating filter chain: any request, [org.springframework.security.web.context.request.async.WebAsyncManagerIntegrationFilter@7d3006e7, org.springframework.security.web.context.SecurityContextPersistenceFilter@29bda592, org.springframework.security.web.header.HeaderWriterFilter@715afc32, org.springframework.security.web.authentication.logout.LogoutFilter@399846f1, org.trade.regulator.JwtRequestFilter@79176828, org.springframework.security.web.savedrequest.RequestCacheAwareFilter@452e7fd7, org.springframework.security.web.servletapi.SecurityContextHolderAwareRequestFilter@4d8a09d7, org.springframework.security.web.authentication.AnonymousAuthenticationFilter@40364ec7, org.springframework.security.web.session.SessionManagementFilter@6891a78f, org.springframework.security.web.access.ExceptionTranslationFilter@ca7eba7, org.springframework.security.web.access.intercept.FilterSecurityInterceptor@2139ca9]
2023-02-04 20:25:48.591  INFO 13390 --- [    Test worker] o.s.s.concurrent.ThreadPoolTaskExecutor  : Initializing ExecutorService 'applicationTaskExecutor'
2023-02-04 20:25:48.975  INFO 13390 --- [    Test worker] o.t.regulator.RegulatorApplicationTests  : Started RegulatorApplicationTests in 2.872 seconds (JVM running for 4.25)
]]></system-out>
  <system-err><![CDATA[]]></system-err>
</testsuite>
