<?xml version="1.0" encoding="UTF-8"?>
<testsuite name="org.trade.regulator.RegulatorApplicationTests" tests="1" skipped="0" failures="0" errors="0" timestamp="2023-02-19T23:15:32" hostname="jorge" time="0.294">
  <properties/>
  <testcase name="contextLoads()" classname="org.trade.regulator.RegulatorApplicationTests" time="0.294"/>
  <system-out><![CDATA[00:15:29.167 [Test worker] DEBUG org.springframework.test.context.BootstrapUtils - Instantiating CacheAwareContextLoaderDelegate from class [org.springframework.test.context.cache.DefaultCacheAwareContextLoaderDelegate]
00:15:29.180 [Test worker] DEBUG org.springframework.test.context.BootstrapUtils - Instantiating BootstrapContext using constructor [public org.springframework.test.context.support.DefaultBootstrapContext(java.lang.Class,org.springframework.test.context.CacheAwareContextLoaderDelegate)]
00:15:29.213 [Test worker] DEBUG org.springframework.test.context.BootstrapUtils - Instantiating TestContextBootstrapper for test class [org.trade.regulator.RegulatorApplicationTests] from class [org.springframework.boot.test.context.SpringBootTestContextBootstrapper]
00:15:29.227 [Test worker] INFO org.springframework.boot.test.context.SpringBootTestContextBootstrapper - Neither @ContextConfiguration nor @ContextHierarchy found for test class [org.trade.regulator.RegulatorApplicationTests], using SpringBootContextLoader
00:15:29.232 [Test worker] DEBUG org.springframework.test.context.support.AbstractContextLoader - Did not detect default resource location for test class [org.trade.regulator.RegulatorApplicationTests]: class path resource [org/trade/regulator/RegulatorApplicationTests-context.xml] does not exist
00:15:29.233 [Test worker] DEBUG org.springframework.test.context.support.AbstractContextLoader - Did not detect default resource location for test class [org.trade.regulator.RegulatorApplicationTests]: class path resource [org/trade/regulator/RegulatorApplicationTestsContext.groovy] does not exist
00:15:29.234 [Test worker] INFO org.springframework.test.context.support.AbstractContextLoader - Could not detect default resource locations for test class [org.trade.regulator.RegulatorApplicationTests]: no resource found for suffixes {-context.xml, Context.groovy}.
00:15:29.234 [Test worker] INFO org.springframework.test.context.support.AnnotationConfigContextLoaderUtils - Could not detect default configuration classes for test class [org.trade.regulator.RegulatorApplicationTests]: RegulatorApplicationTests does not declare any static, non-private, non-final, nested classes annotated with @Configuration.
00:15:29.264 [Test worker] DEBUG org.springframework.test.context.support.ActiveProfilesUtils - Could not find an 'annotation declaring class' for annotation type [org.springframework.test.context.ActiveProfiles] and class [org.trade.regulator.RegulatorApplicationTests]
00:15:29.314 [Test worker] DEBUG org.springframework.context.annotation.ClassPathScanningCandidateComponentProvider - Identified candidate component class: file [/home/jorge/go/src/vehicle-network/apps/OEMmanuf/back/build/classes/java/main/org/trade/regulator/RegulatorApplication.class]
00:15:29.329 [Test worker] INFO org.springframework.boot.test.context.SpringBootTestContextBootstrapper - Found @SpringBootConfiguration org.trade.regulator.RegulatorApplication for test class org.trade.regulator.RegulatorApplicationTests
00:15:29.421 [Test worker] DEBUG org.springframework.boot.test.context.SpringBootTestContextBootstrapper - @TestExecutionListeners is not present for class [org.trade.regulator.RegulatorApplicationTests]: using defaults.
00:15:29.421 [Test worker] INFO org.springframework.boot.test.context.SpringBootTestContextBootstrapper - Loaded default TestExecutionListener class names from location [META-INF/spring.factories]: [org.springframework.boot.test.autoconfigure.restdocs.RestDocsTestExecutionListener, org.springframework.boot.test.autoconfigure.web.client.MockRestServiceServerResetTestExecutionListener, org.springframework.boot.test.autoconfigure.web.servlet.MockMvcPrintOnlyOnFailureTestExecutionListener, org.springframework.boot.test.autoconfigure.web.servlet.WebDriverTestExecutionListener, org.springframework.boot.test.mock.mockito.MockitoTestExecutionListener, org.springframework.boot.test.mock.mockito.ResetMocksTestExecutionListener, org.springframework.test.context.web.ServletTestExecutionListener, org.springframework.test.context.support.DirtiesContextBeforeModesTestExecutionListener, org.springframework.test.context.support.DependencyInjectionTestExecutionListener, org.springframework.test.context.support.DirtiesContextTestExecutionListener, org.springframework.test.context.transaction.TransactionalTestExecutionListener, org.springframework.test.context.jdbc.SqlScriptsTestExecutionListener, org.springframework.test.context.event.EventPublishingTestExecutionListener]
00:15:29.430 [Test worker] DEBUG org.springframework.boot.test.context.SpringBootTestContextBootstrapper - Skipping candidate TestExecutionListener [org.springframework.test.context.transaction.TransactionalTestExecutionListener] due to a missing dependency. Specify custom listener classes or make the default listener classes and their required dependencies available. Offending class: [org/springframework/transaction/interceptor/TransactionAttributeSource]
00:15:29.431 [Test worker] DEBUG org.springframework.boot.test.context.SpringBootTestContextBootstrapper - Skipping candidate TestExecutionListener [org.springframework.test.context.jdbc.SqlScriptsTestExecutionListener] due to a missing dependency. Specify custom listener classes or make the default listener classes and their required dependencies available. Offending class: [org/springframework/transaction/interceptor/TransactionAttribute]
00:15:29.432 [Test worker] INFO org.springframework.boot.test.context.SpringBootTestContextBootstrapper - Using TestExecutionListeners: [org.springframework.test.context.web.ServletTestExecutionListener@4d31e175, org.springframework.test.context.support.DirtiesContextBeforeModesTestExecutionListener@43ce99f7, org.springframework.boot.test.mock.mockito.MockitoTestExecutionListener@188541b4, org.springframework.boot.test.autoconfigure.SpringBootDependencyInjectionTestExecutionListener@6b136ba6, org.springframework.test.context.support.DirtiesContextTestExecutionListener@296b15f8, org.springframework.test.context.event.EventPublishingTestExecutionListener@1edd3003, org.springframework.boot.test.autoconfigure.restdocs.RestDocsTestExecutionListener@2ce74a8d, org.springframework.boot.test.autoconfigure.web.client.MockRestServiceServerResetTestExecutionListener@5c595aec, org.springframework.boot.test.autoconfigure.web.servlet.MockMvcPrintOnlyOnFailureTestExecutionListener@2dec504a, org.springframework.boot.test.autoconfigure.web.servlet.WebDriverTestExecutionListener@5ac630dc, org.springframework.boot.test.mock.mockito.ResetMocksTestExecutionListener@4c63ba2b]
00:15:29.436 [Test worker] DEBUG org.springframework.test.context.support.AbstractDirtiesContextTestExecutionListener - Before test class: context [DefaultTestContext@71904c8e testClass = RegulatorApplicationTests, testInstance = [null], testMethod = [null], testException = [null], mergedContextConfiguration = [WebMergedContextConfiguration@1cc6b716 testClass = RegulatorApplicationTests, locations = '{}', classes = '{class org.trade.regulator.RegulatorApplication}', contextInitializerClasses = '[]', activeProfiles = '{}', propertySourceLocations = '{}', propertySourceProperties = '{org.springframework.boot.test.context.SpringBootTestContextBootstrapper=true}', contextCustomizers = set[org.springframework.boot.test.autoconfigure.properties.PropertyMappingContextCustomizer@0, org.springframework.boot.test.autoconfigure.web.servlet.WebDriverContextCustomizerFactory$Customizer@6f51a8c5, org.springframework.boot.test.context.filter.ExcludeFilterContextCustomizer@1431fe0f, org.springframework.boot.test.json.DuplicateJsonObjectContextCustomizerFactory$DuplicateJsonObjectContextCustomizer@748bf767, org.springframework.boot.test.mock.mockito.MockitoContextCustomizer@0, org.springframework.boot.test.web.client.TestRestTemplateContextCustomizer@7a896915], resourceBasePath = 'src/main/webapp', contextLoader = 'org.springframework.boot.test.context.SpringBootContextLoader', parent = [null]], attributes = map['org.springframework.test.context.web.ServletTestExecutionListener.activateListener' -> true]], class annotated with @DirtiesContext [false] with mode [null].
00:15:29.461 [Test worker] DEBUG org.springframework.test.context.support.TestPropertySourceUtils - Adding inlined properties to environment: {spring.jmx.enabled=false, org.springframework.boot.test.context.SpringBootTestContextBootstrapper=true, server.port=-1}

  .   ____          _            __ _ _
 /\\ / ___'_ __ _ _(_)_ __  __ _ \ \ \ \
( ( )\___ | '_ | '_| | '_ \/ _` | \ \ \ \
 \\/  ___)| |_)| | | | | || (_| |  ) ) ) )
  '  |____| .__|_| |_|_| |_\__, | / / / /
 =========|_|==============|___/=/_/_/_/
 :: Spring Boot ::        (v2.2.6.RELEASE)

2023-02-20 00:15:29.734  WARN 54864 --- [    Test worker] ory$DuplicateJsonObjectContextCustomizer : 

Found multiple occurrences of org.json.JSONObject on the class path:

	jar:file:/home/jorge/.gradle/caches/modules-2/files-2.1/org.json/json/20180813/8566b2b0391d9d4479ea225645c6ed47ef17fe41/json-20180813.jar!/org/json/JSONObject.class
	jar:file:/home/jorge/.gradle/caches/modules-2/files-2.1/com.vaadin.external.google/android-json/0.0.20131108.vaadin1/fa26d351fe62a6a17f5cda1287c1c6110dec413f/android-json-0.0.20131108.vaadin1.jar!/org/json/JSONObject.class

You may wish to exclude one of them to ensure predictable runtime behavior

2023-02-20 00:15:29.749  INFO 54864 --- [    Test worker] o.t.regulator.RegulatorApplicationTests  : Starting RegulatorApplicationTests on jorge with PID 54864 (started by jorge in /home/jorge/go/src/vehicle-network/apps/OEMmanuf/back)
2023-02-20 00:15:29.750  INFO 54864 --- [    Test worker] o.t.regulator.RegulatorApplicationTests  : No active profile set, falling back to default profiles: default
2023-02-20 00:15:31.454  INFO 54864 --- [    Test worker] o.s.s.web.DefaultSecurityFilterChain     : Creating filter chain: any request, [org.springframework.security.web.context.request.async.WebAsyncManagerIntegrationFilter@702a3c38, org.springframework.security.web.context.SecurityContextPersistenceFilter@35543dc, org.springframework.security.web.header.HeaderWriterFilter@769024e9, org.springframework.security.web.authentication.logout.LogoutFilter@3eec718e, org.trade.regulator.JwtRequestFilter@76e1a286, org.springframework.security.web.savedrequest.RequestCacheAwareFilter@65259521, org.springframework.security.web.servletapi.SecurityContextHolderAwareRequestFilter@658f78f5, org.springframework.security.web.authentication.AnonymousAuthenticationFilter@35708eb1, org.springframework.security.web.session.SessionManagementFilter@75ecbe22, org.springframework.security.web.access.ExceptionTranslationFilter@dabeb6, org.springframework.security.web.access.intercept.FilterSecurityInterceptor@49bb01d3]
2023-02-20 00:15:31.810  INFO 54864 --- [    Test worker] o.s.s.concurrent.ThreadPoolTaskExecutor  : Initializing ExecutorService 'applicationTaskExecutor'
2023-02-20 00:15:32.159  INFO 54864 --- [    Test worker] o.t.regulator.RegulatorApplicationTests  : Started RegulatorApplicationTests in 2.688 seconds (JVM running for 3.718)
]]></system-out>
  <system-err><![CDATA[]]></system-err>
</testsuite>
