<?xml version="1.0" encoding="UTF-8"?>
<testsuite name="org.trade.regulator.RegulatorApplicationTests" tests="1" skipped="0" failures="0" errors="0" timestamp="2023-02-20T01:50:22" hostname="jorge" time="0.269">
  <properties/>
  <testcase name="contextLoads()" classname="org.trade.regulator.RegulatorApplicationTests" time="0.269"/>
  <system-out><![CDATA[02:50:19.428 [Test worker] DEBUG org.springframework.test.context.BootstrapUtils - Instantiating CacheAwareContextLoaderDelegate from class [org.springframework.test.context.cache.DefaultCacheAwareContextLoaderDelegate]
02:50:19.443 [Test worker] DEBUG org.springframework.test.context.BootstrapUtils - Instantiating BootstrapContext using constructor [public org.springframework.test.context.support.DefaultBootstrapContext(java.lang.Class,org.springframework.test.context.CacheAwareContextLoaderDelegate)]
02:50:19.477 [Test worker] DEBUG org.springframework.test.context.BootstrapUtils - Instantiating TestContextBootstrapper for test class [org.trade.regulator.RegulatorApplicationTests] from class [org.springframework.boot.test.context.SpringBootTestContextBootstrapper]
02:50:19.492 [Test worker] INFO org.springframework.boot.test.context.SpringBootTestContextBootstrapper - Neither @ContextConfiguration nor @ContextHierarchy found for test class [org.trade.regulator.RegulatorApplicationTests], using SpringBootContextLoader
02:50:19.496 [Test worker] DEBUG org.springframework.test.context.support.AbstractContextLoader - Did not detect default resource location for test class [org.trade.regulator.RegulatorApplicationTests]: class path resource [org/trade/regulator/RegulatorApplicationTests-context.xml] does not exist
02:50:19.497 [Test worker] DEBUG org.springframework.test.context.support.AbstractContextLoader - Did not detect default resource location for test class [org.trade.regulator.RegulatorApplicationTests]: class path resource [org/trade/regulator/RegulatorApplicationTestsContext.groovy] does not exist
02:50:19.498 [Test worker] INFO org.springframework.test.context.support.AbstractContextLoader - Could not detect default resource locations for test class [org.trade.regulator.RegulatorApplicationTests]: no resource found for suffixes {-context.xml, Context.groovy}.
02:50:19.499 [Test worker] INFO org.springframework.test.context.support.AnnotationConfigContextLoaderUtils - Could not detect default configuration classes for test class [org.trade.regulator.RegulatorApplicationTests]: RegulatorApplicationTests does not declare any static, non-private, non-final, nested classes annotated with @Configuration.
02:50:19.552 [Test worker] DEBUG org.springframework.test.context.support.ActiveProfilesUtils - Could not find an 'annotation declaring class' for annotation type [org.springframework.test.context.ActiveProfiles] and class [org.trade.regulator.RegulatorApplicationTests]
02:50:19.623 [Test worker] DEBUG org.springframework.context.annotation.ClassPathScanningCandidateComponentProvider - Identified candidate component class: file [/home/jorge/go/src/vehicle-network/apps/OEMmanuf/back/build/classes/java/main/org/trade/regulator/RegulatorApplication.class]
02:50:19.651 [Test worker] INFO org.springframework.boot.test.context.SpringBootTestContextBootstrapper - Found @SpringBootConfiguration org.trade.regulator.RegulatorApplication for test class org.trade.regulator.RegulatorApplicationTests
02:50:19.725 [Test worker] DEBUG org.springframework.boot.test.context.SpringBootTestContextBootstrapper - @TestExecutionListeners is not present for class [org.trade.regulator.RegulatorApplicationTests]: using defaults.
02:50:19.726 [Test worker] INFO org.springframework.boot.test.context.SpringBootTestContextBootstrapper - Loaded default TestExecutionListener class names from location [META-INF/spring.factories]: [org.springframework.boot.test.autoconfigure.restdocs.RestDocsTestExecutionListener, org.springframework.boot.test.autoconfigure.web.client.MockRestServiceServerResetTestExecutionListener, org.springframework.boot.test.autoconfigure.web.servlet.MockMvcPrintOnlyOnFailureTestExecutionListener, org.springframework.boot.test.autoconfigure.web.servlet.WebDriverTestExecutionListener, org.springframework.boot.test.mock.mockito.MockitoTestExecutionListener, org.springframework.boot.test.mock.mockito.ResetMocksTestExecutionListener, org.springframework.test.context.web.ServletTestExecutionListener, org.springframework.test.context.support.DirtiesContextBeforeModesTestExecutionListener, org.springframework.test.context.support.DependencyInjectionTestExecutionListener, org.springframework.test.context.support.DirtiesContextTestExecutionListener, org.springframework.test.context.transaction.TransactionalTestExecutionListener, org.springframework.test.context.jdbc.SqlScriptsTestExecutionListener, org.springframework.test.context.event.EventPublishingTestExecutionListener]
02:50:19.735 [Test worker] DEBUG org.springframework.boot.test.context.SpringBootTestContextBootstrapper - Skipping candidate TestExecutionListener [org.springframework.test.context.transaction.TransactionalTestExecutionListener] due to a missing dependency. Specify custom listener classes or make the default listener classes and their required dependencies available. Offending class: [org/springframework/transaction/interceptor/TransactionAttributeSource]
02:50:19.736 [Test worker] DEBUG org.springframework.boot.test.context.SpringBootTestContextBootstrapper - Skipping candidate TestExecutionListener [org.springframework.test.context.jdbc.SqlScriptsTestExecutionListener] due to a missing dependency. Specify custom listener classes or make the default listener classes and their required dependencies available. Offending class: [org/springframework/transaction/interceptor/TransactionAttribute]
02:50:19.736 [Test worker] INFO org.springframework.boot.test.context.SpringBootTestContextBootstrapper - Using TestExecutionListeners: [org.springframework.test.context.web.ServletTestExecutionListener@62d39ea4, org.springframework.test.context.support.DirtiesContextBeforeModesTestExecutionListener@3e4c0a63, org.springframework.boot.test.mock.mockito.MockitoTestExecutionListener@5170eee9, org.springframework.boot.test.autoconfigure.SpringBootDependencyInjectionTestExecutionListener@1b179770, org.springframework.test.context.support.DirtiesContextTestExecutionListener@654f1c08, org.springframework.test.context.event.EventPublishingTestExecutionListener@3b8e0dd0, org.springframework.boot.test.autoconfigure.restdocs.RestDocsTestExecutionListener@6ddfabee, org.springframework.boot.test.autoconfigure.web.client.MockRestServiceServerResetTestExecutionListener@4a541d32, org.springframework.boot.test.autoconfigure.web.servlet.MockMvcPrintOnlyOnFailureTestExecutionListener@5766e72c, org.springframework.boot.test.autoconfigure.web.servlet.WebDriverTestExecutionListener@1ccd909d, org.springframework.boot.test.mock.mockito.ResetMocksTestExecutionListener@cddd831]
02:50:19.743 [Test worker] DEBUG org.springframework.test.context.support.AbstractDirtiesContextTestExecutionListener - Before test class: context [DefaultTestContext@4c2791d testClass = RegulatorApplicationTests, testInstance = [null], testMethod = [null], testException = [null], mergedContextConfiguration = [WebMergedContextConfiguration@790b7c1f testClass = RegulatorApplicationTests, locations = '{}', classes = '{class org.trade.regulator.RegulatorApplication}', contextInitializerClasses = '[]', activeProfiles = '{}', propertySourceLocations = '{}', propertySourceProperties = '{org.springframework.boot.test.context.SpringBootTestContextBootstrapper=true}', contextCustomizers = set[org.springframework.boot.test.autoconfigure.properties.PropertyMappingContextCustomizer@0, org.springframework.boot.test.autoconfigure.web.servlet.WebDriverContextCustomizerFactory$Customizer@9a9a976, org.springframework.boot.test.context.filter.ExcludeFilterContextCustomizer@3b90b80f, org.springframework.boot.test.json.DuplicateJsonObjectContextCustomizerFactory$DuplicateJsonObjectContextCustomizer@39c70026, org.springframework.boot.test.mock.mockito.MockitoContextCustomizer@0, org.springframework.boot.test.web.client.TestRestTemplateContextCustomizer@1f138321], resourceBasePath = 'src/main/webapp', contextLoader = 'org.springframework.boot.test.context.SpringBootContextLoader', parent = [null]], attributes = map['org.springframework.test.context.web.ServletTestExecutionListener.activateListener' -> true]], class annotated with @DirtiesContext [false] with mode [null].
02:50:19.770 [Test worker] DEBUG org.springframework.test.context.support.TestPropertySourceUtils - Adding inlined properties to environment: {spring.jmx.enabled=false, org.springframework.boot.test.context.SpringBootTestContextBootstrapper=true, server.port=-1}

  .   ____          _            __ _ _
 /\\ / ___'_ __ _ _(_)_ __  __ _ \ \ \ \
( ( )\___ | '_ | '_| | '_ \/ _` | \ \ \ \
 \\/  ___)| |_)| | | | | || (_| |  ) ) ) )
  '  |____| .__|_| |_|_| |_\__, | / / / /
 =========|_|==============|___/=/_/_/_/
 :: Spring Boot ::        (v2.2.6.RELEASE)

2023-02-20 02:50:20.115  WARN 33135 --- [    Test worker] ory$DuplicateJsonObjectContextCustomizer : 

Found multiple occurrences of org.json.JSONObject on the class path:

	jar:file:/home/jorge/.gradle/caches/modules-2/files-2.1/org.json/json/20180813/8566b2b0391d9d4479ea225645c6ed47ef17fe41/json-20180813.jar!/org/json/JSONObject.class
	jar:file:/home/jorge/.gradle/caches/modules-2/files-2.1/com.vaadin.external.google/android-json/0.0.20131108.vaadin1/fa26d351fe62a6a17f5cda1287c1c6110dec413f/android-json-0.0.20131108.vaadin1.jar!/org/json/JSONObject.class

You may wish to exclude one of them to ensure predictable runtime behavior

2023-02-20 02:50:20.132  INFO 33135 --- [    Test worker] o.t.regulator.RegulatorApplicationTests  : Starting RegulatorApplicationTests on jorge with PID 33135 (started by jorge in /home/jorge/go/src/vehicle-network/apps/OEMmanuf/back)
2023-02-20 02:50:20.134  INFO 33135 --- [    Test worker] o.t.regulator.RegulatorApplicationTests  : No active profile set, falling back to default profiles: default
2023-02-20 02:50:21.678  INFO 33135 --- [    Test worker] o.s.s.web.DefaultSecurityFilterChain     : Creating filter chain: any request, [org.springframework.security.web.context.request.async.WebAsyncManagerIntegrationFilter@1d749f3a, org.springframework.security.web.context.SecurityContextPersistenceFilter@24368d8b, org.springframework.security.web.header.HeaderWriterFilter@abff66, org.springframework.security.web.authentication.logout.LogoutFilter@2f641b0c, org.trade.regulator.JwtRequestFilter@59ec2d67, org.springframework.security.web.savedrequest.RequestCacheAwareFilter@6a50bcfe, org.springframework.security.web.servletapi.SecurityContextHolderAwareRequestFilter@1f1c0dc6, org.springframework.security.web.authentication.AnonymousAuthenticationFilter@7d100cf4, org.springframework.security.web.session.SessionManagementFilter@476b2b1d, org.springframework.security.web.access.ExceptionTranslationFilter@76d2ff78, org.springframework.security.web.access.intercept.FilterSecurityInterceptor@17c4abc2]
2023-02-20 02:50:22.026  INFO 33135 --- [    Test worker] o.s.s.concurrent.ThreadPoolTaskExecutor  : Initializing ExecutorService 'applicationTaskExecutor'
2023-02-20 02:50:22.392  INFO 33135 --- [    Test worker] o.t.regulator.RegulatorApplicationTests  : Started RegulatorApplicationTests in 2.612 seconds (JVM running for 3.985)
]]></system-out>
  <system-err><![CDATA[]]></system-err>
</testsuite>
